<?xml version="1.0" encoding="UTF-8"?>
<!-- Generated by org.testng.reporters.JUnitXMLReporter -->
<testsuite hostname="DESKTOP-PCEHKV8" name="Surefire test" tests="1" failures="1" timestamp="7 Apr 2021 06:19:39 GMT" time="56.851" errors="0">
  <testcase name="" time="55.864" classname="com.qa.test.TestRunner">
    <failure type="cucumber.runtime.CucumberException" message="org.junit.ComparisonFailure: expected:&amp;lt;([1]) Facebook&amp;gt; but was:&amp;lt;([20+]) Facebook&amp;gt;">
      <![CDATA[cucumber.runtime.CucumberException: org.junit.ComparisonFailure: expected:<([1]) Facebook> but was:<([20+]) Facebook>
	at cucumber.api.testng.TestNGCucumberRunner.runCucumber(TestNGCucumberRunner.java:69)
	at cucumber.api.testng.AbstractTestNGCucumberTests.feature(AbstractTestNGCucumberTests.java:21)
Caused by: org.junit.ComparisonFailure: expected:<([1]) Facebook> but was:<([20+]) Facebook>
	at org.junit.Assert.assertEquals(Assert.java:115)
	at org.junit.Assert.assertEquals(Assert.java:144)
	at stepDefinitions.FacebookLogin.user_redirected_to_home_page(FacebookLogin.java:48)
	at âœ½.Then User redirected to Home Page(Login.feature:6)
... Removed 29 stack frames]]>
    </failure>
  </testcase> <!--  -->
</testsuite> <!-- Surefire test -->
